<?xml version="1.0" encoding="UTF-8"?>
<!-- Generated by org.testng.reporters.JUnitReportReporter -->
<testsuite hostname="EPINPUNW02B7" failures="0" tests="1" name="RegressionTest.Regression" time="0.005" errors="0" timestamp="28 Feb 2024 15:25:29 GMT" skipped="0">
  <testcase classname="RegressionTest.Regression" name="test" time="0.005"/>
</testsuite> <!-- RegressionTest.Regression -->
