<?xml version="1.0" encoding="UTF-8"?>
<!-- Generated by org.testng.reporters.JUnitReportReporter -->
<testsuite hostname="EPINPUNW02B7" failures="0" tests="1" name="SmokeTest.Smoke" time="0.001" errors="0" timestamp="28 Feb 2024 15:37:46 GMT" skipped="0">
  <testcase classname="SmokeTest.Smoke" name="test" time="0.001"/>
</testsuite> <!-- SmokeTest.Smoke -->
